\BOOKMARK [1][-]{section.1}{Introduction}{}% 1
\BOOKMARK [1][-]{section.2}{Problems}{}% 2
\BOOKMARK [2][-]{subsection.2.1}{[N4] \0402015 Romanian MoM, Q1}{section.2}% 3
\BOOKMARK [2][-]{subsection.2.2}{[C5] \0402018 IMO Shortlist, C1}{section.2}% 4
\BOOKMARK [2][-]{subsection.2.3}{[A4] \0402014 BMO2, Q2}{section.2}% 5
\BOOKMARK [2][-]{subsection.2.4}{[Cg4] \0402015 APMO, Q4}{section.2}% 6
\BOOKMARK [2][-]{subsection.2.5}{[N5] \0402005 IMO, Q4}{section.2}% 7
\BOOKMARK [2][-]{subsection.2.6}{[Cg3] \0402007 Romanian Final MO, F9, Q3}{section.2}% 8
\BOOKMARK [2][-]{subsection.2.7}{[C0] \0402019 AFMO, Q3}{section.2}% 9
\BOOKMARK [2][-]{subsection.2.8}{[G2] \0402017 BMO1, Q3}{section.2}% 10
\BOOKMARK [2][-]{subsection.2.9}{[A5] \0402017 Canadian MO, Q2}{section.2}% 11
\BOOKMARK [2][-]{subsection.2.10}{[Cg6] \0402015 IMO, Q1}{section.2}% 12
\BOOKMARK [2][-]{subsection.2.11}{[\(FE\)A9] \0402015 IMO, Q2}{section.2}% 13
\BOOKMARK [2][-]{subsection.2.12}{[NG5] \0402013 BMO2, Q4}{section.2}% 14
\BOOKMARK [2][-]{subsection.2.13}{[N5] \0402018 EGMO, Q2}{section.2}% 15
\BOOKMARK [2][-]{subsection.2.14}{[Cg4] \0402017 NZ Squad Selection Test, Q5}{section.2}% 16
\BOOKMARK [2][-]{subsection.2.15}{[C2] \0402009 Russian MO \(29th\), Grade 11, Q1}{section.2}% 17
\BOOKMARK [2][-]{subsection.2.16}{[N6-8] \0402005 Korean MO \(18th\), Final Round, Q5}{section.2}% 18
\BOOKMARK [2][-]{subsection.2.17}{[G4] \0401999 Balkan MO \(16th\), Q1}{section.2}% 19
\BOOKMARK [2][-]{subsection.2.18}{[N5] \0402015/16 BMO1, Q6}{section.2}% 20
\BOOKMARK [2][-]{subsection.2.19}{[\(FE\)A3] \0402004 Swedish MO \(44th\), Final Round, Q3}{section.2}% 21
\BOOKMARK [2][-]{subsection.2.20}{[C5] \0402018 IMO Shortlist, C2}{section.2}% 22
\BOOKMARK [2][-]{subsection.2.21}{[N3] \0402009 Japanese MO, Final Round, Q2}{section.2}% 23
\BOOKMARK [2][-]{subsection.2.22}{[Cg6] \0402004 Swedish MO \(44th\), Final Round, Q4}{section.2}% 24
\BOOKMARK [2][-]{subsection.2.23}{[A5-A6] \0402018 Euclid Contest, Q10 \(adapted\)}{section.2}% 25
\BOOKMARK [2][-]{subsection.2.24}{[G2] \0402015/16 BMO1, Q2}{section.2}% 26
\BOOKMARK [2][-]{subsection.2.25}{[\(Poly\)A5] \0401993 IMO \(34th\), Q1}{section.2}% 27
\BOOKMARK [2][-]{subsection.2.26}{[C4] \0402000 Dutch MO, Second Round, Q5 of 5}{section.2}% 28
\BOOKMARK [2][-]{subsection.2.27}{[A4/N4] \0402005 Canadian MO \(37th\), Q2 of 5}{section.2}% 29
\BOOKMARK [2][-]{subsection.2.28}{[G6] \0402016 IMO \(57th\), Q1}{section.2}% 30
\BOOKMARK [2][-]{subsection.2.29}{[N3] \0402018 Putnam, B3}{section.2}% 31
\BOOKMARK [2][-]{subsection.2.30}{[C4] \0402008 Polish MO, Second Round, Q4}{section.2}% 32
\BOOKMARK [2][-]{subsection.2.31}{[A4] \0402005 Serbia and Montenegro TST, Test 1, Q3}{section.2}% 33
\BOOKMARK [2][-]{subsection.2.32}{[C5] \0402008 BMO2, Q3}{section.2}% 34
\BOOKMARK [2][-]{subsection.2.33}{[N6] \0402013 IMO Shortlist, N3}{section.2}% 35
\BOOKMARK [2][-]{subsection.2.34}{[G5] \0402013 Australian TST, Q2}{section.2}% 36
\BOOKMARK [2][-]{subsection.2.35}{[N4/Cg4] \0402002 Taiwan MO \(11th\), Day 1, Q2}{section.2}% 37
\BOOKMARK [2][-]{subsection.2.36}{[\(FE\)A5] \0401997 Balkan MO \(14th\), Q4}{section.2}% 38
\BOOKMARK [2][-]{subsection.2.37}{[G3] \0402018 NZ Camp Selection Test, Q2 of 9}{section.2}% 39
\BOOKMARK [2][-]{subsection.2.38}{[C4] \0402007 Canadian MO \(37th\), Q2 of 5}{section.2}% 40
\BOOKMARK [2][-]{subsection.2.39}{[2014 BMO1, Q3 of 6] \040C3}{section.2}% 41
\BOOKMARK [2][-]{subsection.2.40}{[2002 IMO \(43rd\), Q4] \040N5}{section.2}% 42
\BOOKMARK [2][-]{subsection.2.41}{[2006 Romanian MO, 9th Form, Q1 of 4] \040A2}{section.2}% 43
\BOOKMARK [2][-]{subsection.2.42}{[2008 Spanish MO, Q4 of 6] \040N3}{section.2}% 44
\BOOKMARK [2][-]{subsection.2.43}{[2019 NZ Squad Selection Test, Q1] \040G2}{section.2}% 45
\BOOKMARK [2][-]{subsection.2.44}{[2006 Flanders MO, Q3 of 4] \040C3}{section.2}% 46
\BOOKMARK [2][-]{subsection.2.45}{[2017 IMO Shortlist, N2] \040N6}{section.2}% 47
\BOOKMARK [2][-]{subsection.2.46}{[2006 Flanders MO, Q4 of 4] \040A4}{section.2}% 48
\BOOKMARK [2][-]{subsection.2.47}{[2009 Croatian TST, Q3 of 4] \040G4}{section.2}% 49
\BOOKMARK [2][-]{subsection.2.48}{[2009 Canada MO, Q5 of 5] \040CG3}{section.2}% 50
\BOOKMARK [2][-]{subsection.2.49}{[2015 IMO Shortlist, C1] \040C5}{section.2}% 51
\BOOKMARK [2][-]{subsection.2.50}{[2014 BMO2, Q3 of 4] \040N3}{section.2}% 52
\BOOKMARK [2][-]{subsection.2.51}{[2008 Polish MO Round 1, Q9 of 12] \040A3}{section.2}% 53
\BOOKMARK [2][-]{subsection.2.52}{[2000 Mexico MO, Q6 of 6] \040G3}{section.2}% 54
\BOOKMARK [2][-]{subsection.2.53}{[2019 NZ Squad Selection Test, Q7 of 9] \040C4}{section.2}% 55
\BOOKMARK [2][-]{subsection.2.54}{[2018 Putnam, Q1 of 12] \040A2}{section.2}% 56
\BOOKMARK [2][-]{subsection.2.55}{[2016 APMO, Q1 of 5] \040G4}{section.2}% 57
\BOOKMARK [2][-]{subsection.2.56}{[2013 APMO, Q3 of 5] \040G4}{section.2}% 58
\BOOKMARK [2][-]{subsection.2.57}{[2011 BMO1, Q1 of 6] \040A2}{section.2}% 59
\BOOKMARK [2][-]{subsection.2.58}{[2016 BMO2, Q3 of 4] \040G4}{section.2}% 60
\BOOKMARK [2][-]{subsection.2.59}{[2019 New Zealand Squad Selection Test, Q2 of 8] \040C2}{section.2}% 61
\BOOKMARK [2][-]{subsection.2.60}{[2017 Australian MO, Q5 of 8] \040A3}{section.2}% 62
\BOOKMARK [2][-]{subsection.2.61}{[Monday Maths Workshop Feb 2019, Q6 of 8] \040N3}{section.2}% 63
\BOOKMARK [2][-]{subsection.2.62}{[2018 Sharygin Q15] \040G8}{section.2}% 64
\BOOKMARK [2][-]{subsection.2.63}{[Some Australian TST] \040C4}{section.2}% 65
\BOOKMARK [2][-]{subsection.2.64}{[2017 Russian MO National Finals, Day 1] \040C3}{section.2}% 66
\BOOKMARK [2][-]{subsection.2.65}{[1995 IMO Q2 of 6] \040A5}{section.2}% 67
\BOOKMARK [2][-]{subsection.2.66}{[2017 USAMO P5 of 6] \040Cg8}{section.2}% 68
\BOOKMARK [2][-]{subsection.2.67}{[Tournament of Towns Spring 2004 Junior O-level Q4] \040N2}{section.2}% 69
\BOOKMARK [2][-]{subsection.2.68}{[2018 BMO2, Q1 of 4] \040G3}{section.2}% 70
\BOOKMARK [2][-]{subsection.2.69}{[G] \040[}{section.2}% 71
\BOOKMARK [2][-]{subsection.2.70}{["One of those ``99\045 cannot solve'' quizzes] \040C2}{section.2}% 72
\BOOKMARK [2][-]{subsection.2.71}{[1989 APMO, Q2 of 5] \040N3}{section.2}% 73
\BOOKMARK [2][-]{subsection.2.72}{[2018 NZ Camp Selection Problems, Q10 of 10] \040A8}{section.2}% 74
\BOOKMARK [2][-]{subsection.2.73}{[2011 BMO2, Q2 of 4] \040N3}{section.2}% 75
\BOOKMARK [2][-]{subsection.2.74}{[1971 Putnam, A1] \040C3}{section.2}% 76
\BOOKMARK [2][-]{subsection.2.75}{[2018 APMO, Q1 of 5] \040G4}{section.2}% 77
\BOOKMARK [2][-]{subsection.2.76}{[2006 Irish MO \(19th\), Part I, Q3 of 5] \040Cg2}{section.2}% 78
\BOOKMARK [2][-]{subsection.2.77}{[2014 New Zealand Camp Selection Problems, Q2] \040G2}{section.2}% 79
\BOOKMARK [2][-]{subsection.2.78}{[1983 Yugoslav Federal MC \(24th\), Grade 3/4, Q2 of 4] \040A2}{section.2}% 80
\BOOKMARK [2][-]{subsection.2.79}{[2017 Kosovo National Olympiad, Grade 11, Q3 of 4] \040C2}{section.2}% 81
\BOOKMARK [2][-]{subsection.2.80}{[2015 Australian Intermediate Math Olympiad, Q8] \040A2}{section.2}% 82
\BOOKMARK [2][-]{subsection.2.81}{[2015 Singapore Maths Olympiad Junior R2, Q5] \040N3}{section.2}% 83
\BOOKMARK [2][-]{subsection.2.82}{[2016 NZ Camp Selection Problems, Q7] \040N4}{section.2}% 84
\BOOKMARK [2][-]{subsection.2.83}{[2011 USAMO, Q6] \040C7-8}{section.2}% 85
\BOOKMARK [2][-]{subsection.2.84}{[1991 Asian Pacific Mathematical Olympiad, Q2] \040C4}{section.2}% 86
\BOOKMARK [2][-]{subsection.2.85}{[2002 Japanese MO, Q1] \040G3}{section.2}% 87
\BOOKMARK [2][-]{subsection.2.86}{[2014 British Mathematical Olympiad R2, Q1] \040C3}{section.2}% 88
\BOOKMARK [2][-]{subsection.2.87}{[1998 Asian Pacific Mathematical Olympiad, Q2] \040N2}{section.2}% 89
\BOOKMARK [2][-]{subsection.2.88}{[2017 Singapore MO Senior Division R2, Q4] \040A4}{section.2}% 90
\BOOKMARK [2][-]{subsection.2.89}{[2018 NZ Camp Selection Problems, Q6] \040Cg4}{section.2}% 91
\BOOKMARK [2][-]{subsection.2.90}{[2017 Singapore MO Open Round 2, Q3] \040N3}{section.2}% 92
\BOOKMARK [2][-]{subsection.2.91}{[2000 Belarus Team Selection Test 8, Q1] \040G4}{section.2}% 93
\BOOKMARK [2][-]{subsection.2.92}{[2009 Moldova TST2, Q2] \040A3}{section.2}% 94
\BOOKMARK [2][-]{subsection.2.93}{[2010 Spanish MO Day 1, Q1] \040N2}{section.2}% 95
\BOOKMARK [2][-]{subsection.2.94}{[2007 Mongolian MO Secondary, Q2] \040Cg3}{section.2}% 96
